2012-05-28 17:47:36 r10259 Python 2.6.6 login.py
2012-05-28 18:33:31 r10259 Python 2.6.6 category.py "listify"
2012-05-28 18:33:51 r10259 Python 2.6.6 category.py "listify" "Category:Candidates_for_speedy_deletion_as_importance_or_significance_not_asserted"
2012-05-28 18:34:36 r10259 Python 2.6.6 category.py "listify" "-catr" "Category:Candidates_for_speedy_deletion_as_importance_or_significance_not_asserted"
2012-05-28 18:35:15 r10259 Python 2.6.6 category.py "listify" "-recurse" "-match" "Category:Candidates_for_speedy_deletion_as_importance_or_significance_not_asserted"
2012-05-28 18:35:27 r10259 Python 2.6.6 category.py "listify" "-recurse"
2012-05-28 20:09:09 r10259 Python 2.6.6 category.py "tree" "-recurse"
2012-05-28 20:16:36 r10259 Python 2.6.6 pagegenerators.py
2012-05-28 20:16:45 r10259 Python 2.6.6 pagegenerators.py "-cat"
2012-05-28 20:17:48 r10259 Python 2.6.6 pagegenerators.py "-catr:Category:Candidates_for_speedy_deletion_as_importance_or_significance_not_asserted"
2012-05-28 20:19:02 r10259 Python 2.6.6 pagegenerators.py "-catr:Candidates_for_speedy_deletion_as_importance_or_significance_not_asserted"
2012-05-28 20:22:15 r10259 Python 2.6.6 ExportDeleted.py
2012-05-28 20:22:50 r10259 Python 2.6.6 ExportDeleted.py
2012-05-28 20:23:04 r10259 Python 2.6.6 ExportDeleted.py
2012-05-28 20:31:07 r10259 Python 2.6.6 ExportDeleted.py
2012-05-28 20:31:29 r10259 Python 2.6.6 ExportDeleted.py
2012-05-28 20:32:42 r10259 Python 2.6.6 ExportDeleted.py
2012-05-28 20:33:09 r10259 Python 2.6.6 ExportDeleted.py
2012-05-28 20:44:04 r10250 (wikipedia.py) Python 2.6.6 export_deleted.py
2012-05-28 20:48:10 r10250 (wikipedia.py) Python 2.6.6 export_deleted.py
2012-05-28 20:48:40 r10250 (wikipedia.py) Python 2.6.6 export_deleted.py
2012-05-28 20:55:06 r10250 (wikipedia.py) Python 2.6.6 export_deleted.py
2012-05-28 20:59:06 r10250 (wikipedia.py) Python 2.6.6 export_deleted.py
2012-05-28 21:01:19 r10250 (wikipedia.py) Python 2.6.6 export_deleted.py
2012-05-28 21:01:42 r10250 (wikipedia.py) Python 2.6.6 export_deleted.py
2012-05-28 21:16:55 r10250 (wikipedia.py) Python 2.6.6 push_zip.py
2012-05-28 21:17:04 r10250 (wikipedia.py) Python 2.6.6 push_zip.py
2012-05-28 21:17:11 r10250 (wikipedia.py) Python 2.6.6 push_zip.py
2012-05-28 21:22:13 r10250 (wikipedia.py) Python 2.6.6 push_zip.py
2012-05-28 21:23:20 r10250 (wikipedia.py) Python 2.6.6 push_zip.py
2012-05-28 21:25:59 r10250 (wikipedia.py) Python 2.6.6 push_zip.py
2012-05-28 21:33:44 r10250 (wikipedia.py) Python 2.6.6 export_deleted.py
2012-05-28 21:33:54 r10250 (wikipedia.py) Python 2.6.6 export_deleted.py
2012-05-28 21:34:02 r10250 (wikipedia.py) Python 2.6.6 export_deleted.py
2012-05-28 22:18:45 r10250 (wikipedia.py) Python 2.6.6 export_deleted.py
2012-05-28 22:22:01 r10250 (wikipedia.py) Python 2.6.6 export_deleted.py
2012-05-28 22:22:56 r10250 (wikipedia.py) Python 2.6.6 export_deleted.py
2012-05-28 22:29:58 r10250 (wikipedia.py) Python 2.6.6 export_deleted.py
2012-05-28 22:30:25 r10250 (wikipedia.py) Python 2.6.6 export_deleted.py
2012-05-28 22:34:05 r10250 (wikipedia.py) Python 2.6.6 export_deleted.py
2012-05-28 22:34:42 r10250 (wikipedia.py) Python 2.6.6 export_deleted.py
2012-05-28 22:36:38 r10250 (wikipedia.py) Python 2.6.6 export_deleted.py
2012-05-28 22:37:19 r10250 (wikipedia.py) Python 2.6.6 export_deleted.py
2012-05-28 22:37:41 r10250 (wikipedia.py) Python 2.6.6 export_deleted.py
2012-05-28 22:39:43 r10250 (wikipedia.py) Python 2.6.6 export_deleted.py
2012-05-28 22:40:18 r10250 (wikipedia.py) Python 2.6.6 export_deleted.py
2012-05-28 22:42:55 r10250 (wikipedia.py) Python 2.6.6 export_deleted.py
2012-05-28 22:43:38 r10250 (wikipedia.py) Python 2.6.6 export_deleted.py
2012-05-28 22:44:00 r10250 (wikipedia.py) Python 2.6.6 export_deleted.py
2012-05-28 22:44:56 r10250 (wikipedia.py) Python 2.6.6 export_deleted.py
2012-05-28 22:46:18 r10250 (wikipedia.py) Python 2.6.6 export_deleted.py
2012-05-28 22:47:03 r10250 (wikipedia.py) Python 2.6.6 export_deleted.py
2012-05-28 22:47:22 r10250 (wikipedia.py) Python 2.6.6 export_deleted.py
2012-05-28 22:47:45 r10250 (wikipedia.py) Python 2.6.6 export_deleted.py
2012-05-28 22:48:38 r10250 (wikipedia.py) Python 2.6.6 export_deleted.py
2012-05-28 22:49:36 r10250 (wikipedia.py) Python 2.6.6 export_deleted.py
